<?xml version="1.0" encoding="UTF-8"?>
<!-- Generated by org.testng.reporters.JUnitReportReporter -->
<testsuite skipped="0" hostname="BobITs-Mac-mini.fios-router.home" name="Methods.Sel_037_TestNG_1" tests="2" failures="0" timestamp="2020-09-16T21:41:04 EDT" time="0.270" errors="0">
  <testcase name="getTitle" time="0.008" classname="Methods.Sel_037_TestNG_1"/>
  <system-out/>
  <testcase name="invalidCredentialsFroLogin" time="0.262" classname="Methods.Sel_037_TestNG_1"/>
  <system-out/>
</testsuite> <!-- Methods.Sel_037_TestNG_1 -->
